[debug] [2018-12-14T01:09:18.398Z] ----------------------------------------------------------------------
[debug] [2018-12-14T01:09:18.403Z] Command:       C:\Program Files\nodejs\node.exe C:\Users\Administrator\AppData\Roaming\npm\node_modules\firebase-tools\lib\bin\firebase.js serve
[debug] [2018-12-14T01:09:18.404Z] CLI Version:   6.1.2
[debug] [2018-12-14T01:09:18.404Z] Platform:      win32
[debug] [2018-12-14T01:09:18.404Z] Node Version:  v10.13.0
[debug] [2018-12-14T01:09:18.406Z] Time:          Fri Dec 14 2018 10:09:18 GMT+0900 (GMT+09:00)
[debug] [2018-12-14T01:09:18.406Z] ----------------------------------------------------------------------
[debug] 
[debug] [2018-12-14T01:09:18.426Z] > command requires scopes: ["email","openid","https://www.googleapis.com/auth/cloudplatformprojects.readonly","https://www.googleapis.com/auth/firebase","https://www.googleapis.com/auth/cloud-platform"]
[debug] [2018-12-14T01:09:18.426Z] > authorizing via signed-in user
[debug] [2018-12-14T01:09:18.427Z] [iam] checking project wowowo-emoi for permissions ["firebase.projects.get"]
[debug] [2018-12-14T01:09:18.430Z] > refreshing access token with scopes: ["email","https://www.googleapis.com/auth/cloud-platform","https://www.googleapis.com/auth/cloudplatformprojects.readonly","https://www.googleapis.com/auth/firebase","openid"]
[debug] [2018-12-14T01:09:18.430Z] >>> HTTP REQUEST POST https://www.googleapis.com/oauth2/v3/token  
 <request body omitted>
[debug] [2018-12-14T01:09:18.854Z] <<< HTTP RESPONSE 200
[debug] [2018-12-14T01:09:18.859Z] >>> HTTP REQUEST POST https://cloudresourcemanager.googleapis.com/v1/projects/wowowo-emoi:testIamPermissions  

[debug] [2018-12-14T01:09:20.095Z] <<< HTTP RESPONSE 200
[debug] [2018-12-14T01:09:20.099Z] >>> HTTP REQUEST GET https://cloudresourcemanager.googleapis.com/v1/projects/wowowo-emoi  
 
[debug] [2018-12-14T01:09:21.260Z] <<< HTTP RESPONSE 200
[info] 
[info] === Serving from 'D:\fbroot\portfolio_emoi'...
[info] 
[debug] [2018-12-14T01:09:21.265Z] >>> HTTP REQUEST GET https://mobilesdk-pa.googleapis.com/v1/projects/608719576158/clients/_:getWebAppConfig  
 
[debug] [2018-12-14T01:09:22.393Z] <<< HTTP RESPONSE 200
[info] i  hosting: Serving hosting files from: public
[info] +  hosting: Local server: http://localhost:5000
